[debug] [2022-10-11T20:55:02.538Z] ----------------------------------------------------------------------
[debug] [2022-10-11T20:55:02.540Z] Command:       C:\Program Files\nodejs\node.exe C:\Users\Leonardo\AppData\Roaming\npm\node_modules\firebase-tools\lib\bin\firebase.js init
[debug] [2022-10-11T20:55:02.540Z] CLI Version:   11.3.0
[debug] [2022-10-11T20:55:02.540Z] Platform:      win32
[debug] [2022-10-11T20:55:02.540Z] Node Version:  v16.15.0
[debug] [2022-10-11T20:55:02.541Z] Time:          Tue Oct 11 2022 22:55:02 GMT+0200 (srednjoeuropsko ljetno vrijeme)
[debug] [2022-10-11T20:55:02.541Z] ----------------------------------------------------------------------
[debug] 
[debug] [2022-10-11T20:55:02.543Z] >>> [apiv2][query] GET https://firebase-public.firebaseio.com/cli.json [none]
[debug] [2022-10-11T20:55:02.557Z] > command requires scopes: ["email","openid","https://www.googleapis.com/auth/cloudplatformprojects.readonly","https://www.googleapis.com/auth/firebase","https://www.googleapis.com/auth/cloud-platform"]
[debug] [2022-10-11T20:55:02.557Z] > authorizing via signed-in user (leonardo.yakub@gmail.com)
[info] 
     ######## #### ########  ######## ########     ###     ######  ########
     ##        ##  ##     ## ##       ##     ##  ##   ##  ##       ##
     ######    ##  ########  ######   ########  #########  ######  ######
     ##        ##  ##    ##  ##       ##     ## ##     ##       ## ##
     ##       #### ##     ## ######## ########  ##     ##  ######  ########

You're about to initialize a Firebase project in this directory:

  C:\Users\Leonardo\Desktop\Frontend Mentor\kanban-task-management-web-app

[debug] [2022-10-11T20:55:02.872Z] <<< [apiv2][status] GET https://firebase-public.firebaseio.com/cli.json 200
[debug] [2022-10-11T20:55:02.872Z] <<< [apiv2][body] GET https://firebase-public.firebaseio.com/cli.json {"cloudBuildErrorAfter":1594252800000,"cloudBuildWarnAfter":1590019200000,"defaultNode10After":1594252800000,"minVersion":"3.0.5","node8DeploysDisabledAfter":1613390400000,"node8RuntimeDisabledAfter":1615809600000,"node8WarnAfter":1600128000000}
[info] 
=== Project Setup
[info] 
[info] First, let's associate this project directory with a Firebase project.
[info] You can create multiple project aliases by running firebase use --add, 
[info] but for now we'll just set up a default project.
[info] 
[debug] [2022-10-11T20:55:39.017Z] > refreshing access token with scopes: []
[debug] [2022-10-11T20:55:39.018Z] >>> [apiv2][query] POST https://www.googleapis.com/oauth2/v3/token [none]
[debug] [2022-10-11T20:55:39.018Z] >>> [apiv2][body] POST https://www.googleapis.com/oauth2/v3/token [omitted]
[debug] [2022-10-11T20:55:39.147Z] <<< [apiv2][status] POST https://www.googleapis.com/oauth2/v3/token 200
[debug] [2022-10-11T20:55:39.147Z] <<< [apiv2][body] POST https://www.googleapis.com/oauth2/v3/token [omitted]
[debug] [2022-10-11T20:55:39.152Z] >>> [apiv2][query] GET https://firebase.googleapis.com/v1beta1/projects pageSize=100
[debug] [2022-10-11T20:55:39.595Z] <<< [apiv2][status] GET https://firebase.googleapis.com/v1beta1/projects 200
[debug] [2022-10-11T20:55:39.595Z] <<< [apiv2][body] GET https://firebase.googleapis.com/v1beta1/projects [omitted]
[info] i  Using project kanban-task-management-app (kanban-task-management-app) 
[info] 
=== Hosting Setup
[info] 
[info] Your public directory is the folder (relative to your project directory) that
[info] will contain Hosting assets to be uploaded with firebase deploy. If you
[info] have a build process for your assets, use your build's output directory.
[info] 
